2025-05-30 18:05:57,181 - __main__ - INFO - Using new composable container system
2025-05-30 18:05:57,183 - src.core.coordinator.coordinator - INFO - Coordinator initialized (composable: True)
2025-05-30 18:05:57,183 - src.core.containers.composition_engine - INFO - Registered container type: data
2025-05-30 18:05:57,183 - src.core.containers.composition_engine - INFO - Registered container type: indicator
2025-05-30 18:05:57,183 - src.core.containers.composition_engine - INFO - Registered container type: strategy
2025-05-30 18:05:57,183 - src.core.containers.composition_engine - INFO - Registered container type: execution
2025-05-30 18:05:57,183 - src.core.containers.composition_engine - INFO - Registered container type: risk
2025-05-30 18:05:57,183 - src.core.containers.composition_engine - INFO - Registered container type: portfolio
2025-05-30 18:05:57,183 - src.core.containers.composition_engine - INFO - Registered container type: classifier
2025-05-30 18:05:57,183 - src.core.containers.composition_engine - INFO - Registered container type: analysis
2025-05-30 18:05:57,183 - src.core.containers.composition_engine - INFO - Registered container type: signal_log
2025-05-30 18:05:57,183 - src.core.containers.composition_engine - INFO - Registered container type: ensemble
2025-05-30 18:05:57,183 - src.core.coordinator.coordinator - INFO - Executing workflow 6f599771-f2b2-4061-8f5d-dbbeea8d97ea in composable mode
2025-05-30 18:05:57,183 - src.core.coordinator.composable_workflow_manager - INFO - Executing backtest workflow with composable containers
2025-05-30 18:05:57,183 - src.core.coordinator.composable_workflow_manager - INFO - Executing single pattern: simple_backtest
2025-05-30 18:05:57,183 - src.core.containers.composition_engine - INFO - Composed pattern 'simple_backtest' with root container: c2609adc-2ed2-451d-8e37-c46ec0d3b1d4
2025-05-30 18:05:57,183 - src.execution.containers - INFO - DataContainer config: {'source': 'yahoo', 'symbols': ['SPY'], 'start_date': '2023-01-01', 'end_date': '2023-06-30', 'frequency': '1d', 'file_path': None, 'data_path': None, 'data_dir': 'data', 'max_bars': None}
2025-05-30 18:05:57,183 - src.core.coordinator.composable_workflow_manager - ERROR - Container execution failed: Unknown data source: yahoo
2025-05-30 18:05:57,183 - src.core.coordinator.composable_workflow_manager - ERROR - Single pattern execution failed: Unknown data source: yahoo
2025-05-30 18:05:57,183 - src.core.coordinator.composable_workflow_manager - ERROR - Composable workflow execution failed: Unknown data source: yahoo
2025-05-30 18:05:57,183 - __main__ - ERROR - Workflow failed
2025-05-30 18:05:57,183 - __main__ - ERROR -   - Unknown data source: yahoo
