2025-06-01 21:43:51,154 - __main__ - INFO - Using new composable container system
2025-06-01 21:43:51,154 - src.core.coordinator.coordinator - INFO - Coordinator initialized (composable: True)
2025-06-01 21:43:51,154 - src.core.containers.composition_engine - INFO - Registered container type: data
2025-06-01 21:43:51,154 - src.core.containers.composition_engine - INFO - Registered container type: indicator
2025-06-01 21:43:51,154 - src.core.containers.composition_engine - INFO - Registered container type: strategy
2025-06-01 21:43:51,154 - src.core.containers.composition_engine - INFO - Registered container type: execution
2025-06-01 21:43:51,154 - src.core.containers.composition_engine - INFO - Registered container type: risk
2025-06-01 21:43:51,154 - src.core.containers.composition_engine - INFO - Registered container type: portfolio
2025-06-01 21:43:51,154 - src.core.containers.composition_engine - INFO - Registered container type: classifier
2025-06-01 21:43:51,154 - src.core.containers.composition_engine - INFO - Registered container type: analysis
2025-06-01 21:43:51,154 - src.core.containers.composition_engine - INFO - Registered container type: signal_log
2025-06-01 21:43:51,154 - src.core.coordinator.coordinator - INFO - Executing workflow 5be2619f-b7fe-41fe-8020-d02536216d57 in composable mode
2025-06-01 21:43:51,155 - src.core.coordinator.composable_workflow_manager - INFO - Executing backtest workflow with composable containers
2025-06-01 21:43:51,155 - src.core.coordinator.composable_workflow_manager - INFO - Found 1 strategies from config
2025-06-01 21:43:51,155 - src.core.coordinator.composable_workflow_manager - INFO -   Strategy 1: {'name': 'simple_momentum', 'type': 'momentum', 'enabled': True, 'allocation': 1.0, 'parameters': {'lookback_period': 20, 'rsi_period': 14, 'rsi_oversold': 30, 'rsi_overbought': 70}}
2025-06-01 21:43:51,155 - src.core.coordinator.composable_workflow_manager - INFO - MomentumStrategy requires: SMA_20, RSI
2025-06-01 21:43:51,155 - src.core.coordinator.composable_workflow_manager - INFO - Inferred 2 indicators from strategies: {'SMA_20', 'RSI'}
2025-06-01 21:43:51,155 - src.core.coordinator.composable_workflow_manager - INFO - Added risk config to simple_backtest: {'position_sizers': [{'name': 'fixed_size', 'type': 'fixed', 'size': 10000}], 'limits': [{'type': 'position', 'max_position': 10000}, {'type': 'exposure', 'max_exposure_pct': 100}], 'initial_capital': 100000}
2025-06-01 21:43:51,155 - src.core.coordinator.composable_workflow_manager - INFO - Added portfolio config to simple_backtest: {'initial_capital': 100000, 'currency': 'USD', 'commission': {'type': 'fixed', 'value': 1.0}}
2025-06-01 21:43:51,155 - src.core.coordinator.composable_workflow_manager - INFO - Executing single pattern: simple_backtest
2025-06-01 21:43:51,155 - src.core.events.routing.router - INFO - EventRouter initialized
2025-06-01 21:43:51,155 - src.core.containers.composition_engine - INFO - Inferred indicators from strategy config: {'SMA_20', 'RSI'}
2025-06-01 21:43:51,155 - src.core.events.event_bus - DEBUG - EventBus created for container: None
2025-06-01 21:43:51,155 - src.core.events.hybrid_interface - INFO - 📡 44b2a363-bae6-414b-a423-163cd42ade4d configured external communication: 2 pubs, 0 subs
2025-06-01 21:43:51,155 - src.core.containers.composition_engine - DEBUG - Created container: data with ID: 44b2a363-bae6-414b-a423-163cd42ade4d
2025-06-01 21:43:51,155 - src.core.events.event_bus - DEBUG - EventBus created for container: None
2025-06-01 21:43:51,155 - src.core.events.hybrid_interface - INFO - 📡 9ecf344f-1e65-4f61-8b92-6536666f23bb configured external communication: 1 pubs, 1 subs
2025-06-01 21:43:51,155 - src.core.containers.composition_engine - DEBUG - Created container: indicator with ID: 9ecf344f-1e65-4f61-8b92-6536666f23bb
2025-06-01 21:43:51,155 - src.core.events.hybrid_interface - INFO - 📨 Added child 9ecf344f-1e65-4f61-8b92-6536666f23bb to 44b2a363-bae6-414b-a423-163cd42ade4d (internal communication setup)
2025-06-01 21:43:51,155 - src.core.events.event_bus - DEBUG - EventBus created for container: None
2025-06-01 21:43:51,155 - src.core.containers.composition_engine - DEBUG - Created container: classifier with ID: a35d4584-ca74-46f8-85a2-8d14b0e1570b
2025-06-01 21:43:51,155 - src.core.events.hybrid_interface - INFO - 📨 Added child a35d4584-ca74-46f8-85a2-8d14b0e1570b to 44b2a363-bae6-414b-a423-163cd42ade4d (internal communication setup)
2025-06-01 21:43:51,155 - src.core.events.event_bus - DEBUG - EventBus created for container: None
2025-06-01 21:43:51,155 - src.core.events.hybrid_interface - INFO - 📡 492ea4a8-f72c-4dc9-9285-58001dc77661 configured external communication: 1 pubs, 2 subs
2025-06-01 21:43:51,155 - src.core.containers.composition_engine - DEBUG - Created container: risk with ID: 492ea4a8-f72c-4dc9-9285-58001dc77661
2025-06-01 21:43:51,155 - src.core.events.hybrid_interface - INFO - 📨 Added child 492ea4a8-f72c-4dc9-9285-58001dc77661 to a35d4584-ca74-46f8-85a2-8d14b0e1570b (internal communication setup)
2025-06-01 21:43:51,155 - src.core.events.event_bus - DEBUG - EventBus created for container: None
2025-06-01 21:43:51,155 - src.core.events.hybrid_interface - INFO - 📡 21b1b6bb-10ec-424b-b1b4-fc19dd662ce8 configured external communication: 1 pubs, 1 subs
2025-06-01 21:43:51,155 - src.core.containers.composition_engine - DEBUG - Created container: portfolio with ID: 21b1b6bb-10ec-424b-b1b4-fc19dd662ce8
2025-06-01 21:43:51,155 - src.core.events.hybrid_interface - INFO - 📨 Added child 21b1b6bb-10ec-424b-b1b4-fc19dd662ce8 to 492ea4a8-f72c-4dc9-9285-58001dc77661 (internal communication setup)
2025-06-01 21:43:51,155 - src.core.events.event_bus - DEBUG - EventBus created for container: None
2025-06-01 21:43:51,155 - src.core.events.hybrid_interface - INFO - 📡 da33a21c-8d96-475a-965b-961f80687e30 configured external communication: 1 pubs, 2 subs
2025-06-01 21:43:51,155 - src.core.containers.composition_engine - DEBUG - Created container: strategy with ID: da33a21c-8d96-475a-965b-961f80687e30
2025-06-01 21:43:51,155 - src.core.events.hybrid_interface - INFO - 📨 Added child da33a21c-8d96-475a-965b-961f80687e30 to 21b1b6bb-10ec-424b-b1b4-fc19dd662ce8 (internal communication setup)
2025-06-01 21:43:51,156 - src.core.events.event_bus - DEBUG - EventBus created for container: None
2025-06-01 21:43:51,156 - src.core.containers.composition_engine - DEBUG - Created container: execution with ID: 9ac23394-20fe-4e3c-a099-c2442b1d3538
2025-06-01 21:43:51,156 - src.core.events.hybrid_interface - INFO - 📨 Added child 9ac23394-20fe-4e3c-a099-c2442b1d3538 to 44b2a363-bae6-414b-a423-163cd42ade4d (internal communication setup)
2025-06-01 21:43:51,156 - src.core.containers.composition_engine - INFO - Composed pattern 'simple_backtest' with root container: 44b2a363-bae6-414b-a423-163cd42ade4d
2025-06-01 21:43:51,156 - src.core.events.hybrid_interface - INFO - 📡 44b2a363-bae6-414b-a423-163cd42ade4d registered 2 publications
2025-06-01 21:43:51,156 - src.core.events.hybrid_interface - INFO - 📡 9ecf344f-1e65-4f61-8b92-6536666f23bb registered 1 publications
2025-06-01 21:43:51,156 - src.core.events.hybrid_interface - INFO - 📡 9ecf344f-1e65-4f61-8b92-6536666f23bb registered 1 subscriptions
2025-06-01 21:43:51,156 - src.core.events.hybrid_interface - DEBUG - 📡 Cascaded router registration to 9ecf344f-1e65-4f61-8b92-6536666f23bb
2025-06-01 21:43:51,156 - src.core.events.hybrid_interface - INFO - 📡 492ea4a8-f72c-4dc9-9285-58001dc77661 registered 1 publications
2025-06-01 21:43:51,156 - src.core.events.hybrid_interface - INFO - 📡 492ea4a8-f72c-4dc9-9285-58001dc77661 registered 2 subscriptions
2025-06-01 21:43:51,156 - src.core.events.hybrid_interface - INFO - 📡 21b1b6bb-10ec-424b-b1b4-fc19dd662ce8 registered 1 publications
2025-06-01 21:43:51,156 - src.core.events.hybrid_interface - INFO - 📡 21b1b6bb-10ec-424b-b1b4-fc19dd662ce8 registered 1 subscriptions
2025-06-01 21:43:51,156 - src.core.events.hybrid_interface - INFO - 📡 da33a21c-8d96-475a-965b-961f80687e30 registered 1 publications
2025-06-01 21:43:51,156 - src.core.events.hybrid_interface - INFO - 📡 da33a21c-8d96-475a-965b-961f80687e30 registered 2 subscriptions
2025-06-01 21:43:51,156 - src.core.events.hybrid_interface - DEBUG - 📡 Cascaded router registration to da33a21c-8d96-475a-965b-961f80687e30
2025-06-01 21:43:51,156 - src.core.events.hybrid_interface - DEBUG - 📡 Cascaded router registration to 21b1b6bb-10ec-424b-b1b4-fc19dd662ce8
2025-06-01 21:43:51,156 - src.core.events.hybrid_interface - DEBUG - 📡 Cascaded router registration to 492ea4a8-f72c-4dc9-9285-58001dc77661
2025-06-01 21:43:51,156 - src.core.events.hybrid_interface - DEBUG - 📡 Cascaded router registration to a35d4584-ca74-46f8-85a2-8d14b0e1570b
2025-06-01 21:43:51,156 - src.core.events.hybrid_interface - DEBUG - 📡 Cascaded router registration to 9ac23394-20fe-4e3c-a099-c2442b1d3538
2025-06-01 21:43:51,156 - src.core.coordinator.composable_workflow_manager - DEBUG - Registered container DataContainer with event router
2025-06-01 21:43:51,156 - src.core.events.hybrid_interface - INFO - 📡 9ecf344f-1e65-4f61-8b92-6536666f23bb registered 1 publications
2025-06-01 21:43:51,156 - src.core.events.hybrid_interface - INFO - 📡 9ecf344f-1e65-4f61-8b92-6536666f23bb registered 1 subscriptions
2025-06-01 21:43:51,156 - src.core.coordinator.composable_workflow_manager - DEBUG - Registered child container IndicatorContainer with event router
2025-06-01 21:43:51,156 - src.core.events.hybrid_interface - INFO - 📡 492ea4a8-f72c-4dc9-9285-58001dc77661 registered 1 publications
2025-06-01 21:43:51,156 - src.core.events.hybrid_interface - INFO - 📡 492ea4a8-f72c-4dc9-9285-58001dc77661 registered 2 subscriptions
2025-06-01 21:43:51,156 - src.core.events.hybrid_interface - INFO - 📡 21b1b6bb-10ec-424b-b1b4-fc19dd662ce8 registered 1 publications
2025-06-01 21:43:51,156 - src.core.events.hybrid_interface - INFO - 📡 21b1b6bb-10ec-424b-b1b4-fc19dd662ce8 registered 1 subscriptions
2025-06-01 21:43:51,156 - src.core.events.hybrid_interface - INFO - 📡 da33a21c-8d96-475a-965b-961f80687e30 registered 1 publications
2025-06-01 21:43:51,156 - src.core.events.hybrid_interface - INFO - 📡 da33a21c-8d96-475a-965b-961f80687e30 registered 2 subscriptions
2025-06-01 21:43:51,156 - src.core.events.hybrid_interface - DEBUG - 📡 Cascaded router registration to da33a21c-8d96-475a-965b-961f80687e30
2025-06-01 21:43:51,156 - src.core.events.hybrid_interface - DEBUG - 📡 Cascaded router registration to 21b1b6bb-10ec-424b-b1b4-fc19dd662ce8
2025-06-01 21:43:51,156 - src.core.events.hybrid_interface - DEBUG - 📡 Cascaded router registration to 492ea4a8-f72c-4dc9-9285-58001dc77661
2025-06-01 21:43:51,156 - src.core.coordinator.composable_workflow_manager - DEBUG - Registered child container ClassifierContainer with event router
2025-06-01 21:43:51,156 - src.core.events.hybrid_interface - INFO - 📡 492ea4a8-f72c-4dc9-9285-58001dc77661 registered 1 publications
2025-06-01 21:43:51,156 - src.core.events.hybrid_interface - INFO - 📡 492ea4a8-f72c-4dc9-9285-58001dc77661 registered 2 subscriptions
2025-06-01 21:43:51,156 - src.core.events.hybrid_interface - INFO - 📡 21b1b6bb-10ec-424b-b1b4-fc19dd662ce8 registered 1 publications
2025-06-01 21:43:51,156 - src.core.events.hybrid_interface - INFO - 📡 21b1b6bb-10ec-424b-b1b4-fc19dd662ce8 registered 1 subscriptions
2025-06-01 21:43:51,156 - src.core.events.hybrid_interface - INFO - 📡 da33a21c-8d96-475a-965b-961f80687e30 registered 1 publications
2025-06-01 21:43:51,156 - src.core.events.hybrid_interface - INFO - 📡 da33a21c-8d96-475a-965b-961f80687e30 registered 2 subscriptions
2025-06-01 21:43:51,156 - src.core.events.hybrid_interface - DEBUG - 📡 Cascaded router registration to da33a21c-8d96-475a-965b-961f80687e30
2025-06-01 21:43:51,156 - src.core.events.hybrid_interface - DEBUG - 📡 Cascaded router registration to 21b1b6bb-10ec-424b-b1b4-fc19dd662ce8
2025-06-01 21:43:51,156 - src.core.coordinator.composable_workflow_manager - DEBUG - Registered child container RiskContainer with event router
2025-06-01 21:43:51,156 - src.core.events.hybrid_interface - INFO - 📡 21b1b6bb-10ec-424b-b1b4-fc19dd662ce8 registered 1 publications
2025-06-01 21:43:51,156 - src.core.events.hybrid_interface - INFO - 📡 21b1b6bb-10ec-424b-b1b4-fc19dd662ce8 registered 1 subscriptions
2025-06-01 21:43:51,156 - src.core.events.hybrid_interface - INFO - 📡 da33a21c-8d96-475a-965b-961f80687e30 registered 1 publications
2025-06-01 21:43:51,156 - src.core.events.hybrid_interface - INFO - 📡 da33a21c-8d96-475a-965b-961f80687e30 registered 2 subscriptions
2025-06-01 21:43:51,156 - src.core.events.hybrid_interface - DEBUG - 📡 Cascaded router registration to da33a21c-8d96-475a-965b-961f80687e30
2025-06-01 21:43:51,156 - src.core.coordinator.composable_workflow_manager - DEBUG - Registered child container PortfolioContainer with event router
2025-06-01 21:43:51,156 - src.core.events.hybrid_interface - INFO - 📡 da33a21c-8d96-475a-965b-961f80687e30 registered 1 publications
2025-06-01 21:43:51,156 - src.core.events.hybrid_interface - INFO - 📡 da33a21c-8d96-475a-965b-961f80687e30 registered 2 subscriptions
2025-06-01 21:43:51,156 - src.core.coordinator.composable_workflow_manager - DEBUG - Registered child container StrategyContainer with event router
2025-06-01 21:43:51,156 - src.core.coordinator.composable_workflow_manager - DEBUG - Registered child container ExecutionContainer with event router
2025-06-01 21:43:51,157 - src.core.coordinator.composable_workflow_manager - INFO - Registered 7 containers with event router
2025-06-01 21:43:51,157 - src.core.coordinator.composable_workflow_manager - WARNING - Event topology validation issues: ['Event cycle detected: da33a21c-8d96-475a-965b-961f80687e30 -> da33a21c-8d96-475a-965b-961f80687e30', 'Event cycle detected: da33a21c-8d96-475a-965b-961f80687e30 -> 9ecf344f-1e65-4f61-8b92-6536666f23bb -> da33a21c-8d96-475a-965b-961f80687e30', 'Event cycle detected: 9ecf344f-1e65-4f61-8b92-6536666f23bb -> 9ecf344f-1e65-4f61-8b92-6536666f23bb', 'Event cycle detected: da33a21c-8d96-475a-965b-961f80687e30 -> 9ecf344f-1e65-4f61-8b92-6536666f23bb -> 21b1b6bb-10ec-424b-b1b4-fc19dd662ce8 -> da33a21c-8d96-475a-965b-961f80687e30', 'Event cycle detected: 9ecf344f-1e65-4f61-8b92-6536666f23bb -> 21b1b6bb-10ec-424b-b1b4-fc19dd662ce8 -> 9ecf344f-1e65-4f61-8b92-6536666f23bb', 'Event cycle detected: 21b1b6bb-10ec-424b-b1b4-fc19dd662ce8 -> 21b1b6bb-10ec-424b-b1b4-fc19dd662ce8', 'Event cycle detected: da33a21c-8d96-475a-965b-961f80687e30 -> 9ecf344f-1e65-4f61-8b92-6536666f23bb -> 21b1b6bb-10ec-424b-b1b4-fc19dd662ce8 -> 492ea4a8-f72c-4dc9-9285-58001dc77661 -> da33a21c-8d96-475a-965b-961f80687e30', 'Event cycle detected: 9ecf344f-1e65-4f61-8b92-6536666f23bb -> 21b1b6bb-10ec-424b-b1b4-fc19dd662ce8 -> 492ea4a8-f72c-4dc9-9285-58001dc77661 -> 9ecf344f-1e65-4f61-8b92-6536666f23bb', 'Event cycle detected: 21b1b6bb-10ec-424b-b1b4-fc19dd662ce8 -> 492ea4a8-f72c-4dc9-9285-58001dc77661 -> 21b1b6bb-10ec-424b-b1b4-fc19dd662ce8', 'Event cycle detected: 492ea4a8-f72c-4dc9-9285-58001dc77661 -> 492ea4a8-f72c-4dc9-9285-58001dc77661']
2025-06-01 21:43:51,157 - src.execution.containers - INFO - DataContainer config: {'source': 'csv', 'symbols': ['SPY'], 'start_date': None, 'end_date': None, 'frequency': '1d', 'file_path': 'data/SPY_1m.csv', 'data_path': None, 'data_dir': 'data', 'max_bars': 50, 'external_events': {'publishes': [{'events': ['BAR'], 'scope': 'GLOBAL', 'tier': 'fast'}, {'events': ['SYSTEM'], 'scope': 'GLOBAL', 'tier': 'reliable'}]}}
2025-06-01 21:43:51,157 - src.execution.containers - INFO - Using specific file path: data/SPY_1m.csv
2025-06-01 21:43:51,157 - src.execution.containers - INFO - DataContainer initialized with csv data source
2025-06-01 21:43:51,157 - src.core.events.event_bus - DEBUG - Handler <function BaseComposableContainer._setup_event_subscriptions.<locals>.event_handler at 0x10684e7a0> subscribed to EventType.BAR in container None
2025-06-01 21:43:51,157 - src.core.events.event_bus - DEBUG - Handler <function BaseComposableContainer._setup_event_subscriptions.<locals>.event_handler at 0x10684e7a0> subscribed to EventType.TICK in container None
2025-06-01 21:43:51,157 - src.core.events.event_bus - DEBUG - Handler <function BaseComposableContainer._setup_event_subscriptions.<locals>.event_handler at 0x10684e7a0> subscribed to EventType.QUOTE in container None
2025-06-01 21:43:51,157 - src.core.events.event_bus - DEBUG - Handler <function BaseComposableContainer._setup_event_subscriptions.<locals>.event_handler at 0x10684e7a0> subscribed to EventType.SIGNAL in container None
2025-06-01 21:43:51,157 - src.core.events.event_bus - DEBUG - Handler <function BaseComposableContainer._setup_event_subscriptions.<locals>.event_handler at 0x10684e7a0> subscribed to EventType.ORDER in container None
2025-06-01 21:43:51,157 - src.core.events.event_bus - DEBUG - Handler <function BaseComposableContainer._setup_event_subscriptions.<locals>.event_handler at 0x10684e7a0> subscribed to EventType.FILL in container None
2025-06-01 21:43:51,157 - src.core.events.event_bus - DEBUG - Handler <function BaseComposableContainer._setup_event_subscriptions.<locals>.event_handler at 0x10684e7a0> subscribed to EventType.CANCEL in container None
2025-06-01 21:43:51,157 - src.core.events.event_bus - DEBUG - Handler <function BaseComposableContainer._setup_event_subscriptions.<locals>.event_handler at 0x10684e7a0> subscribed to EventType.REJECT in container None
2025-06-01 21:43:51,157 - src.core.events.event_bus - DEBUG - Handler <function BaseComposableContainer._setup_event_subscriptions.<locals>.event_handler at 0x10684e7a0> subscribed to EventType.PORTFOLIO in container None
2025-06-01 21:43:51,157 - src.core.events.event_bus - DEBUG - Handler <function BaseComposableContainer._setup_event_subscriptions.<locals>.event_handler at 0x10684e7a0> subscribed to EventType.POSITION in container None
2025-06-01 21:43:51,157 - src.core.events.event_bus - DEBUG - Handler <function BaseComposableContainer._setup_event_subscriptions.<locals>.event_handler at 0x10684e7a0> subscribed to EventType.BALANCE in container None
2025-06-01 21:43:51,157 - src.core.events.event_bus - DEBUG - Handler <function BaseComposableContainer._setup_event_subscriptions.<locals>.event_handler at 0x10684e7a0> subscribed to EventType.SYSTEM in container None
2025-06-01 21:43:51,157 - src.core.events.event_bus - DEBUG - Handler <function BaseComposableContainer._setup_event_subscriptions.<locals>.event_handler at 0x10684e7a0> subscribed to EventType.LIFECYCLE in container None
2025-06-01 21:43:51,157 - src.core.events.event_bus - DEBUG - Handler <function BaseComposableContainer._setup_event_subscriptions.<locals>.event_handler at 0x10684e7a0> subscribed to EventType.ERROR in container None
2025-06-01 21:43:51,157 - src.core.events.event_bus - DEBUG - Handler <function BaseComposableContainer._setup_event_subscriptions.<locals>.event_handler at 0x10684e7a0> subscribed to EventType.WARNING in container None
2025-06-01 21:43:51,157 - src.core.events.event_bus - DEBUG - Handler <function BaseComposableContainer._setup_event_subscriptions.<locals>.event_handler at 0x10684e7a0> subscribed to EventType.INFO in container None
2025-06-01 21:43:51,157 - src.core.events.event_bus - DEBUG - Handler <function BaseComposableContainer._setup_event_subscriptions.<locals>.event_handler at 0x10684e7a0> subscribed to EventType.CLASSIFICATION in container None
2025-06-01 21:43:51,157 - src.core.events.event_bus - DEBUG - Handler <function BaseComposableContainer._setup_event_subscriptions.<locals>.event_handler at 0x10684e7a0> subscribed to EventType.REGIME_CHANGE in container None
2025-06-01 21:43:51,157 - src.core.events.event_bus - DEBUG - Handler <function BaseComposableContainer._setup_event_subscriptions.<locals>.event_handler at 0x10684e7a0> subscribed to EventType.REGIME in container None
2025-06-01 21:43:51,157 - src.core.events.event_bus - DEBUG - Handler <function BaseComposableContainer._setup_event_subscriptions.<locals>.event_handler at 0x10684e7a0> subscribed to EventType.INDICATORS in container None
2025-06-01 21:43:51,157 - src.core.events.event_bus - DEBUG - Handler <function BaseComposableContainer._setup_event_subscriptions.<locals>.event_handler at 0x10684e7a0> subscribed to EventType.INDICATOR in container None
2025-06-01 21:43:51,157 - src.core.events.event_bus - DEBUG - Handler <function BaseComposableContainer._setup_event_subscriptions.<locals>.event_handler at 0x10684e7a0> subscribed to EventType.META_LABEL in container None
2025-06-01 21:43:51,157 - src.core.events.event_bus - DEBUG - Handler <function BaseComposableContainer._setup_event_subscriptions.<locals>.event_handler at 0x10684e7a0> subscribed to EventType.METRIC in container None
2025-06-01 21:43:51,157 - src.core.events.event_bus - DEBUG - Handler <function BaseComposableContainer._setup_event_subscriptions.<locals>.event_handler at 0x10684e7a0> subscribed to EventType.RISK_UPDATE in container None
2025-06-01 21:43:51,157 - src.core.events.event_bus - DEBUG - Handler <function BaseComposableContainer._setup_event_subscriptions.<locals>.event_handler at 0x10684e7a0> subscribed to EventType.START in container None
2025-06-01 21:43:51,157 - src.core.events.event_bus - DEBUG - Handler <function BaseComposableContainer._setup_event_subscriptions.<locals>.event_handler at 0x10684e7a0> subscribed to EventType.STOP in container None
2025-06-01 21:43:51,157 - src.core.events.event_bus - DEBUG - Handler <function BaseComposableContainer._setup_event_subscriptions.<locals>.event_handler at 0x10684e7a0> subscribed to EventType.PAUSE in container None
2025-06-01 21:43:51,157 - src.core.events.event_bus - DEBUG - Handler <function BaseComposableContainer._setup_event_subscriptions.<locals>.event_handler at 0x10684e7a0> subscribed to EventType.RESUME in container None
2025-06-01 21:43:51,157 - src.core.events.event_bus - DEBUG - Handler <function BaseComposableContainer._setup_event_subscriptions.<locals>.event_handler at 0x10684e7a0> subscribed to EventType.RESET in container None
2025-06-01 21:43:51,157 - src.core.events.event_bus - DEBUG - Handler <function BaseComposableContainer._setup_event_subscriptions.<locals>.event_handler at 0x10684e7a0> subscribed to EventType.BACKTEST_START in container None
2025-06-01 21:43:51,157 - src.core.events.event_bus - DEBUG - Handler <function BaseComposableContainer._setup_event_subscriptions.<locals>.event_handler at 0x10684e7a0> subscribed to EventType.BACKTEST_END in container None
2025-06-01 21:43:51,157 - src.core.events.event_bus - DEBUG - Handler <function BaseComposableContainer._setup_event_subscriptions.<locals>.event_handler at 0x10684e7a0> subscribed to EventType.OPTIMIZATION_START in container None
2025-06-01 21:43:51,157 - src.core.events.event_bus - DEBUG - Handler <function BaseComposableContainer._setup_event_subscriptions.<locals>.event_handler at 0x10684e7a0> subscribed to EventType.OPTIMIZATION_END in container None
2025-06-01 21:43:51,157 - src.core.events.event_bus - DEBUG - Handler <function BaseComposableContainer._setup_event_subscriptions.<locals>.event_handler at 0x10684e7a0> subscribed to EventType.TRIAL_START in container None
2025-06-01 21:43:51,157 - src.core.events.event_bus - DEBUG - Handler <function BaseComposableContainer._setup_event_subscriptions.<locals>.event_handler at 0x10684e7a0> subscribed to EventType.TRIAL_END in container None
2025-06-01 21:43:51,157 - src.execution.containers - INFO - Initializing IndicatorContainer with config-inferred indicators: ['SMA_20', 'RSI']
2025-06-01 21:43:51,157 - src.execution.containers - INFO - Created indicator config: SMA_20 (IndicatorType.TREND)
2025-06-01 21:43:51,157 - src.execution.containers - INFO - Created indicator config: RSI (IndicatorType.MOMENTUM)
2025-06-01 21:43:51,258 - src.execution.containers - INFO - Config-driven subscription: StrategyContainer (da33a21c-8d96-475a-965b-961f80687e30) → {'SMA_20', 'RSI'}
2025-06-01 21:43:51,258 - src.execution.containers - INFO - IndicatorContainer initialized with 2 inferred indicators
2025-06-01 21:43:51,258 - src.core.events.event_bus - DEBUG - Handler <function BaseComposableContainer._setup_event_subscriptions.<locals>.event_handler at 0x10684e8e0> subscribed to EventType.BAR in container None
2025-06-01 21:43:51,258 - src.core.events.event_bus - DEBUG - Handler <function BaseComposableContainer._setup_event_subscriptions.<locals>.event_handler at 0x10684e8e0> subscribed to EventType.TICK in container None
2025-06-01 21:43:51,258 - src.core.events.event_bus - DEBUG - Handler <function BaseComposableContainer._setup_event_subscriptions.<locals>.event_handler at 0x10684e8e0> subscribed to EventType.QUOTE in container None
2025-06-01 21:43:51,258 - src.core.events.event_bus - DEBUG - Handler <function BaseComposableContainer._setup_event_subscriptions.<locals>.event_handler at 0x10684e8e0> subscribed to EventType.SIGNAL in container None
2025-06-01 21:43:51,258 - src.core.events.event_bus - DEBUG - Handler <function BaseComposableContainer._setup_event_subscriptions.<locals>.event_handler at 0x10684e8e0> subscribed to EventType.ORDER in container None
2025-06-01 21:43:51,258 - src.core.events.event_bus - DEBUG - Handler <function BaseComposableContainer._setup_event_subscriptions.<locals>.event_handler at 0x10684e8e0> subscribed to EventType.FILL in container None
2025-06-01 21:43:51,258 - src.core.events.event_bus - DEBUG - Handler <function BaseComposableContainer._setup_event_subscriptions.<locals>.event_handler at 0x10684e8e0> subscribed to EventType.CANCEL in container None
2025-06-01 21:43:51,258 - src.core.events.event_bus - DEBUG - Handler <function BaseComposableContainer._setup_event_subscriptions.<locals>.event_handler at 0x10684e8e0> subscribed to EventType.REJECT in container None
2025-06-01 21:43:51,258 - src.core.events.event_bus - DEBUG - Handler <function BaseComposableContainer._setup_event_subscriptions.<locals>.event_handler at 0x10684e8e0> subscribed to EventType.PORTFOLIO in container None
2025-06-01 21:43:51,258 - src.core.events.event_bus - DEBUG - Handler <function BaseComposableContainer._setup_event_subscriptions.<locals>.event_handler at 0x10684e8e0> subscribed to EventType.POSITION in container None
2025-06-01 21:43:51,258 - src.core.events.event_bus - DEBUG - Handler <function BaseComposableContainer._setup_event_subscriptions.<locals>.event_handler at 0x10684e8e0> subscribed to EventType.BALANCE in container None
2025-06-01 21:43:51,258 - src.core.events.event_bus - DEBUG - Handler <function BaseComposableContainer._setup_event_subscriptions.<locals>.event_handler at 0x10684e8e0> subscribed to EventType.SYSTEM in container None
2025-06-01 21:43:51,258 - src.core.events.event_bus - DEBUG - Handler <function BaseComposableContainer._setup_event_subscriptions.<locals>.event_handler at 0x10684e8e0> subscribed to EventType.LIFECYCLE in container None
2025-06-01 21:43:51,258 - src.core.events.event_bus - DEBUG - Handler <function BaseComposableContainer._setup_event_subscriptions.<locals>.event_handler at 0x10684e8e0> subscribed to EventType.ERROR in container None
2025-06-01 21:43:51,258 - src.core.events.event_bus - DEBUG - Handler <function BaseComposableContainer._setup_event_subscriptions.<locals>.event_handler at 0x10684e8e0> subscribed to EventType.WARNING in container None
2025-06-01 21:43:51,258 - src.core.events.event_bus - DEBUG - Handler <function BaseComposableContainer._setup_event_subscriptions.<locals>.event_handler at 0x10684e8e0> subscribed to EventType.INFO in container None
2025-06-01 21:43:51,258 - src.core.events.event_bus - DEBUG - Handler <function BaseComposableContainer._setup_event_subscriptions.<locals>.event_handler at 0x10684e8e0> subscribed to EventType.CLASSIFICATION in container None
2025-06-01 21:43:51,258 - src.core.events.event_bus - DEBUG - Handler <function BaseComposableContainer._setup_event_subscriptions.<locals>.event_handler at 0x10684e8e0> subscribed to EventType.REGIME_CHANGE in container None
2025-06-01 21:43:51,258 - src.core.events.event_bus - DEBUG - Handler <function BaseComposableContainer._setup_event_subscriptions.<locals>.event_handler at 0x10684e8e0> subscribed to EventType.REGIME in container None
2025-06-01 21:43:51,258 - src.core.events.event_bus - DEBUG - Handler <function BaseComposableContainer._setup_event_subscriptions.<locals>.event_handler at 0x10684e8e0> subscribed to EventType.INDICATORS in container None
2025-06-01 21:43:51,258 - src.core.events.event_bus - DEBUG - Handler <function BaseComposableContainer._setup_event_subscriptions.<locals>.event_handler at 0x10684e8e0> subscribed to EventType.INDICATOR in container None
2025-06-01 21:43:51,259 - src.core.events.event_bus - DEBUG - Handler <function BaseComposableContainer._setup_event_subscriptions.<locals>.event_handler at 0x10684e8e0> subscribed to EventType.META_LABEL in container None
2025-06-01 21:43:51,259 - src.core.events.event_bus - DEBUG - Handler <function BaseComposableContainer._setup_event_subscriptions.<locals>.event_handler at 0x10684e8e0> subscribed to EventType.METRIC in container None
2025-06-01 21:43:51,259 - src.core.events.event_bus - DEBUG - Handler <function BaseComposableContainer._setup_event_subscriptions.<locals>.event_handler at 0x10684e8e0> subscribed to EventType.RISK_UPDATE in container None
2025-06-01 21:43:51,259 - src.core.events.event_bus - DEBUG - Handler <function BaseComposableContainer._setup_event_subscriptions.<locals>.event_handler at 0x10684e8e0> subscribed to EventType.START in container None
2025-06-01 21:43:51,259 - src.core.events.event_bus - DEBUG - Handler <function BaseComposableContainer._setup_event_subscriptions.<locals>.event_handler at 0x10684e8e0> subscribed to EventType.STOP in container None
2025-06-01 21:43:51,259 - src.core.events.event_bus - DEBUG - Handler <function BaseComposableContainer._setup_event_subscriptions.<locals>.event_handler at 0x10684e8e0> subscribed to EventType.PAUSE in container None
2025-06-01 21:43:51,259 - src.core.events.event_bus - DEBUG - Handler <function BaseComposableContainer._setup_event_subscriptions.<locals>.event_handler at 0x10684e8e0> subscribed to EventType.RESUME in container None
2025-06-01 21:43:51,259 - src.core.events.event_bus - DEBUG - Handler <function BaseComposableContainer._setup_event_subscriptions.<locals>.event_handler at 0x10684e8e0> subscribed to EventType.RESET in container None
2025-06-01 21:43:51,259 - src.core.events.event_bus - DEBUG - Handler <function BaseComposableContainer._setup_event_subscriptions.<locals>.event_handler at 0x10684e8e0> subscribed to EventType.BACKTEST_START in container None
2025-06-01 21:43:51,259 - src.core.events.event_bus - DEBUG - Handler <function BaseComposableContainer._setup_event_subscriptions.<locals>.event_handler at 0x10684e8e0> subscribed to EventType.BACKTEST_END in container None
2025-06-01 21:43:51,259 - src.core.events.event_bus - DEBUG - Handler <function BaseComposableContainer._setup_event_subscriptions.<locals>.event_handler at 0x10684e8e0> subscribed to EventType.OPTIMIZATION_START in container None
2025-06-01 21:43:51,259 - src.core.events.event_bus - DEBUG - Handler <function BaseComposableContainer._setup_event_subscriptions.<locals>.event_handler at 0x10684e8e0> subscribed to EventType.OPTIMIZATION_END in container None
2025-06-01 21:43:51,259 - src.core.events.event_bus - DEBUG - Handler <function BaseComposableContainer._setup_event_subscriptions.<locals>.event_handler at 0x10684e8e0> subscribed to EventType.TRIAL_START in container None
2025-06-01 21:43:51,259 - src.core.events.event_bus - DEBUG - Handler <function BaseComposableContainer._setup_event_subscriptions.<locals>.event_handler at 0x10684e8e0> subscribed to EventType.TRIAL_END in container None
2025-06-01 21:43:51,264 - src.core.events.isolation - DEBUG - EventIsolationManager initialized
2025-06-01 21:43:51,265 - src.core.coordinator.composable_workflow_manager - ERROR - Container execution failed: Can't instantiate abstract class HMMClassifier without an implementation for abstract methods '_calculate_confidence', 'classify'
2025-06-01 21:43:51,265 - src.core.coordinator.composable_workflow_manager - ERROR - Single pattern execution failed: Can't instantiate abstract class HMMClassifier without an implementation for abstract methods '_calculate_confidence', 'classify'
2025-06-01 21:43:51,265 - src.core.events.routing.router - INFO - Container 9ecf344f-1e65-4f61-8b92-6536666f23bb unregistered from event router
2025-06-01 21:43:51,265 - src.core.events.hybrid_interface - INFO - 📡 9ecf344f-1e65-4f61-8b92-6536666f23bb unregistered from Event Router
2025-06-01 21:43:51,265 - src.core.events.routing.router - INFO - Container da33a21c-8d96-475a-965b-961f80687e30 unregistered from event router
2025-06-01 21:43:51,265 - src.core.events.hybrid_interface - INFO - 📡 da33a21c-8d96-475a-965b-961f80687e30 unregistered from Event Router
2025-06-01 21:43:51,265 - src.core.events.routing.router - INFO - Container 21b1b6bb-10ec-424b-b1b4-fc19dd662ce8 unregistered from event router
2025-06-01 21:43:51,265 - src.core.events.hybrid_interface - INFO - 📡 21b1b6bb-10ec-424b-b1b4-fc19dd662ce8 unregistered from Event Router
2025-06-01 21:43:51,265 - src.core.events.routing.router - INFO - Container 492ea4a8-f72c-4dc9-9285-58001dc77661 unregistered from event router
2025-06-01 21:43:51,265 - src.core.events.hybrid_interface - INFO - 📡 492ea4a8-f72c-4dc9-9285-58001dc77661 unregistered from Event Router
2025-06-01 21:43:51,266 - src.core.events.routing.router - INFO - Container a35d4584-ca74-46f8-85a2-8d14b0e1570b unregistered from event router
2025-06-01 21:43:51,266 - src.core.events.hybrid_interface - INFO - 📡 a35d4584-ca74-46f8-85a2-8d14b0e1570b unregistered from Event Router
2025-06-01 21:43:51,266 - src.core.events.routing.router - INFO - Container 9ac23394-20fe-4e3c-a099-c2442b1d3538 unregistered from event router
2025-06-01 21:43:51,266 - src.core.events.hybrid_interface - INFO - 📡 9ac23394-20fe-4e3c-a099-c2442b1d3538 unregistered from Event Router
2025-06-01 21:43:51,266 - src.core.events.routing.router - INFO - Container 44b2a363-bae6-414b-a423-163cd42ade4d unregistered from event router
2025-06-01 21:43:51,266 - src.core.events.hybrid_interface - INFO - 📡 44b2a363-bae6-414b-a423-163cd42ade4d unregistered from Event Router
2025-06-01 21:43:51,266 - src.core.coordinator.composable_workflow_manager - ERROR - Composable workflow execution failed: Can't instantiate abstract class HMMClassifier without an implementation for abstract methods '_calculate_confidence', 'classify'
2025-06-01 21:43:51,266 - src.core.coordinator.coordinator - DEBUG - Cleaned up workflow 5be2619f-b7fe-41fe-8020-d02536216d57 (composable mode)
2025-06-01 21:43:51,266 - __main__ - ERROR - Workflow failed
2025-06-01 21:43:51,266 - __main__ - ERROR -   - Can't instantiate abstract class HMMClassifier without an implementation for abstract methods '_calculate_confidence', 'classify'
🚀 Starting workflow execution...
✅ Workflow execution completed in 0.11 seconds
