{"timestamp": "2025-06-02T04:53:01.506539Z", "event_type": "SIGNAL", "source": "test_container.strategy", "target": "unknown", "tier": "standard", "correlation_id": "test_123", "message": "SIGNAL | UNKNOWN UNKNOWN (strength: 0.80) - No reason"}
{"timestamp": "2025-06-02T04:53:10.021086Z", "event_type": "SIGNAL", "source": "test_container.strategy", "target": "unknown", "tier": "standard", "correlation_id": "test_123", "message": "SIGNAL | UNKNOWN UNKNOWN (strength: 0.80) - No reason"}
{"timestamp": "2025-06-02T15:55:02.005599Z", "event_type": "BAR", "source": "test.pipeline_test", "target": "unknown", "tier": "fast", "correlation_id": null, "message": "Processing pipeline event"}
{"timestamp": "2025-06-02T15:55:02.005829Z", "event_type": "INDICATOR", "source": "test.pipeline_test", "target": "unknown", "tier": "standard", "correlation_id": null, "message": "Processing pipeline event"}
{"timestamp": "2025-06-02T15:55:02.005905Z", "event_type": "SIGNAL", "source": "test.pipeline_test", "target": "unknown", "tier": "standard", "correlation_id": null, "message": "Processing pipeline event"}
{"timestamp": "2025-06-02T15:55:02.005966Z", "event_type": "ORDER", "source": "test.pipeline_test", "target": "unknown", "tier": "reliable", "correlation_id": null, "message": "Processing pipeline event"}
{"timestamp": "2025-06-02T16:06:50.368880Z", "event_type": "BAR", "source": "test_coordinator.adapter.main_pipeline", "target": "unknown", "tier": "fast", "correlation_id": null, "message": "Processing pipeline event"}
{"timestamp": "2025-06-02T16:06:50.369095Z", "event_type": "BAR", "source": "test_coordinator.adapter.main_pipeline", "target": "unknown", "tier": "fast", "correlation_id": null, "message": "Processing pipeline event"}
{"timestamp": "2025-06-02T16:06:50.369156Z", "event_type": "BAR", "source": "test_coordinator.adapter.main_pipeline", "target": "unknown", "tier": "fast", "correlation_id": null, "message": "Processing pipeline event"}
{"timestamp": "2025-06-02T16:06:50.470088Z", "event_type": "BAR", "source": "test_coordinator.adapter.main_pipeline", "target": "unknown", "tier": "fast", "correlation_id": null, "message": "Processing pipeline event"}
{"timestamp": "2025-06-02T16:06:50.470245Z", "event_type": "BAR", "source": "test_coordinator.adapter.main_pipeline", "target": "unknown", "tier": "fast", "correlation_id": null, "message": "Processing pipeline event"}
{"timestamp": "2025-06-02T16:06:50.470338Z", "event_type": "BAR", "source": "test_coordinator.adapter.main_pipeline", "target": "unknown", "tier": "fast", "correlation_id": null, "message": "Processing pipeline event"}
{"timestamp": "2025-06-02T16:06:50.571453Z", "event_type": "BAR", "source": "test_coordinator.adapter.main_pipeline", "target": "unknown", "tier": "fast", "correlation_id": null, "message": "Processing pipeline event"}
{"timestamp": "2025-06-02T16:06:50.571851Z", "event_type": "BAR", "source": "test_coordinator.adapter.main_pipeline", "target": "unknown", "tier": "fast", "correlation_id": null, "message": "Processing pipeline event"}
{"timestamp": "2025-06-02T16:06:50.572016Z", "event_type": "BAR", "source": "test_coordinator.adapter.main_pipeline", "target": "unknown", "tier": "fast", "correlation_id": null, "message": "Processing pipeline event"}
{"timestamp": "2025-06-02T16:06:50.672738Z", "event_type": "BAR", "source": "test_coordinator.adapter.main_pipeline", "target": "unknown", "tier": "fast", "correlation_id": null, "message": "Processing pipeline event"}
{"timestamp": "2025-06-02T16:06:50.673411Z", "event_type": "BAR", "source": "test_coordinator.adapter.main_pipeline", "target": "unknown", "tier": "fast", "correlation_id": null, "message": "Processing pipeline event"}
{"timestamp": "2025-06-02T16:06:50.673779Z", "event_type": "BAR", "source": "test_coordinator.adapter.main_pipeline", "target": "unknown", "tier": "fast", "correlation_id": null, "message": "Processing pipeline event"}
{"timestamp": "2025-06-02T16:06:50.773965Z", "event_type": "BAR", "source": "test_coordinator.adapter.main_pipeline", "target": "unknown", "tier": "fast", "correlation_id": null, "message": "Processing pipeline event"}
{"timestamp": "2025-06-02T16:06:50.774650Z", "event_type": "BAR", "source": "test_coordinator.adapter.main_pipeline", "target": "unknown", "tier": "fast", "correlation_id": null, "message": "Processing pipeline event"}
{"timestamp": "2025-06-02T16:06:50.774991Z", "event_type": "BAR", "source": "test_coordinator.adapter.main_pipeline", "target": "unknown", "tier": "fast", "correlation_id": null, "message": "Processing pipeline event"}
